105.07.21 11:12 B U:\my documents\IEEE\website\metrocon2005\web\metrocon2005\images\committee.gif --> www.metrocon.org /metrocon2005/web/metrocon2005/images committee.gif
105.07.21 11:12 B U:\my documents\IEEE\website\metrocon2005\web\metrocon2005\images\committee2.gif --> www.metrocon.org /metrocon2005/web/metrocon2005/images committee2.gif
105.07.21 11:12 B U:\my documents\IEEE\website\metrocon2005\web\metrocon2005\images\feedback.gif --> www.metrocon.org /metrocon2005/web/metrocon2005/images feedback.gif
105.07.21 11:12 B U:\my documents\IEEE\website\metrocon2005\web\metrocon2005\images\ftwsection.gif --> www.metrocon.org /metrocon2005/web/metrocon2005/images ftwsection.gif
105.07.21 11:12 B U:\my documents\IEEE\website\metrocon2005\web\metrocon2005\images\ftwsection2.gif --> www.metrocon.org /metrocon2005/web/metrocon2005/images ftwsection2.gif
105.07.21 11:12 B U:\my documents\IEEE\website\metrocon2005\web\metrocon2005\images\Ieeelogo_blue.gif --> www.metrocon.org /metrocon2005/web/metrocon2005/images Ieeelogo_blue.gif
105.07.21 11:12 B U:\my documents\IEEE\website\metrocon2005\web\metrocon2005\images\keynote.gif --> www.metrocon.org /metrocon2005/web/metrocon2005/images keynote.gif
105.07.21 11:12 B U:\my documents\IEEE\website\metrocon2005\web\metrocon2005\images\keynote2.gif --> www.metrocon.org /metrocon2005/web/metrocon2005/images keynote2.gif
105.07.21 11:12 B U:\my documents\IEEE\website\metrocon2005\web\metrocon2005\images\lmclogo.gif --> www.metrocon.org /metrocon2005/web/metrocon2005/images lmclogo.gif
105.07.21 11:12 B U:\my documents\IEEE\website\metrocon2005\web\metrocon2005\images\location.gif --> www.metrocon.org /metrocon2005/web/metrocon2005/images location.gif
105.07.21 11:12 B U:\my documents\IEEE\website\metrocon2005\web\metrocon2005\images\location2.gif --> www.metrocon.org /metrocon2005/web/metrocon2005/images location2.gif
105.07.21 11:12 B U:\my documents\IEEE\website\metrocon2005\web\metrocon2005\images\mainpage.gif --> www.metrocon.org /metrocon2005/web/metrocon2005/images mainpage.gif
105.07.21 11:12 B U:\my documents\IEEE\website\metrocon2005\web\metrocon2005\images\mainpage2.gif --> www.metrocon.org /metrocon2005/web/metrocon2005/images mainpage2.gif
105.07.21 11:13 B U:\my documents\IEEE\website\metrocon2005\web\metrocon2005\images\Melvill3.jpg --> www.metrocon.org /metrocon2005/web/metrocon2005/images Melvill3.jpg
105.07.21 11:13 B U:\my documents\IEEE\website\metrocon2005\web\metrocon2005\images\Melvill4.jpg --> www.metrocon.org /metrocon2005/web/metrocon2005/images Melvill4.jpg
105.07.21 11:13 B U:\my documents\IEEE\website\metrocon2005\web\metrocon2005\images\MetroCon2005.jpg --> www.metrocon.org /metrocon2005/web/metrocon2005/images MetroCon2005.jpg
105.07.21 11:13 B U:\my documents\IEEE\website\metrocon2005\web\metrocon2005\images\metrotitle_small3.jpg --> www.metrocon.org /metrocon2005/web/metrocon2005/images metrotitle_small3.jpg
105.07.21 11:13 B U:\my documents\IEEE\website\metrocon2005\web\metrocon2005\images\mpi_logo.gif --> www.metrocon.org /metrocon2005/web/metrocon2005/images mpi_logo.gif
105.07.21 11:13 B U:\my documents\IEEE\website\metrocon2005\web\metrocon2005\images\program.gif --> www.metrocon.org /metrocon2005/web/metrocon2005/images program.gif
105.07.21 11:13 B U:\my documents\IEEE\website\metrocon2005\web\metrocon2005\images\program2.gif --> www.metrocon.org /metrocon2005/web/metrocon2005/images program2.gif
105.07.21 11:13 B U:\my documents\IEEE\website\metrocon2005\web\metrocon2005\images\registration.gif --> www.metrocon.org /metrocon2005/web/metrocon2005/images registration.gif
105.07.21 11:13 B U:\my documents\IEEE\website\metrocon2005\web\metrocon2005\images\registration2.gif --> www.metrocon.org /metrocon2005/web/metrocon2005/images registration2.gif
105.07.21 11:13 B U:\my documents\IEEE\website\metrocon2005\web\metrocon2005\images\tfw_logo.gif --> www.metrocon.org /metrocon2005/web/metrocon2005/images tfw_logo.gif
105.07.21 11:13 B U:\my documents\IEEE\website\metrocon2005\web\metrocon2005\images\txu_logo.gif --> www.metrocon.org /metrocon2005/web/metrocon2005/images txu_logo.gif
105.07.21 11:17 B U:\my documents\IEEE\website\metrocon2005\web\metrocon2005\images\committee.gif --> www.metrocon.org /metrocon2005/images committee.gif
105.07.21 11:17 B U:\my documents\IEEE\website\metrocon2005\web\metrocon2005\images\committee2.gif --> www.metrocon.org /metrocon2005/images committee2.gif
105.07.21 11:17 B U:\my documents\IEEE\website\metrocon2005\web\metrocon2005\images\feedback.gif --> www.metrocon.org /metrocon2005/images feedback.gif
105.07.21 11:17 B U:\my documents\IEEE\website\metrocon2005\web\metrocon2005\images\ftwsection.gif --> www.metrocon.org /metrocon2005/images ftwsection.gif
105.07.21 11:17 B U:\my documents\IEEE\website\metrocon2005\web\metrocon2005\images\ftwsection2.gif --> www.metrocon.org /metrocon2005/images ftwsection2.gif
105.07.21 11:17 B U:\my documents\IEEE\website\metrocon2005\web\metrocon2005\images\Ieeelogo_blue.gif --> www.metrocon.org /metrocon2005/images Ieeelogo_blue.gif
105.07.21 11:17 B U:\my documents\IEEE\website\metrocon2005\web\metrocon2005\images\keynote.gif --> www.metrocon.org /metrocon2005/images keynote.gif
105.07.21 11:17 B U:\my documents\IEEE\website\metrocon2005\web\metrocon2005\images\keynote2.gif --> www.metrocon.org /metrocon2005/images keynote2.gif
105.07.21 11:17 B U:\my documents\IEEE\website\metrocon2005\web\metrocon2005\images\lmclogo.gif --> www.metrocon.org /metrocon2005/images lmclogo.gif
105.07.21 11:17 B U:\my documents\IEEE\website\metrocon2005\web\metrocon2005\images\location.gif --> www.metrocon.org /metrocon2005/images location.gif
105.07.21 11:17 B U:\my documents\IEEE\website\metrocon2005\web\metrocon2005\images\location2.gif --> www.metrocon.org /metrocon2005/images location2.gif
105.07.21 11:17 B U:\my documents\IEEE\website\metrocon2005\web\metrocon2005\images\mainpage.gif --> www.metrocon.org /metrocon2005/images mainpage.gif
105.07.21 11:17 B U:\my documents\IEEE\website\metrocon2005\web\metrocon2005\images\mainpage2.gif --> www.metrocon.org /metrocon2005/images mainpage2.gif
105.07.21 11:17 B U:\my documents\IEEE\website\metrocon2005\web\metrocon2005\images\Melvill3.jpg --> www.metrocon.org /metrocon2005/images Melvill3.jpg
105.07.21 11:17 B U:\my documents\IEEE\website\metrocon2005\web\metrocon2005\images\Melvill4.jpg --> www.metrocon.org /metrocon2005/images Melvill4.jpg
105.07.21 11:17 B U:\my documents\IEEE\website\metrocon2005\web\metrocon2005\images\MetroCon2005.jpg --> www.metrocon.org /metrocon2005/images MetroCon2005.jpg
105.07.21 11:17 B U:\my documents\IEEE\website\metrocon2005\web\metrocon2005\images\metrotitle_small3.jpg --> www.metrocon.org /metrocon2005/images metrotitle_small3.jpg
105.07.21 11:17 B U:\my documents\IEEE\website\metrocon2005\web\metrocon2005\images\mpi_logo.gif --> www.metrocon.org /metrocon2005/images mpi_logo.gif
105.07.21 11:17 B U:\my documents\IEEE\website\metrocon2005\web\metrocon2005\images\program.gif --> www.metrocon.org /metrocon2005/images program.gif
105.07.21 11:17 B U:\my documents\IEEE\website\metrocon2005\web\metrocon2005\images\program2.gif --> www.metrocon.org /metrocon2005/images program2.gif
105.07.21 11:17 B U:\my documents\IEEE\website\metrocon2005\web\metrocon2005\images\registration.gif --> www.metrocon.org /metrocon2005/images registration.gif
105.07.21 11:17 B U:\my documents\IEEE\website\metrocon2005\web\metrocon2005\images\registration2.gif --> www.metrocon.org /metrocon2005/images registration2.gif
105.07.21 11:17 B U:\my documents\IEEE\website\metrocon2005\web\metrocon2005\images\tfw_logo.gif --> www.metrocon.org /metrocon2005/images tfw_logo.gif
105.07.21 11:17 B U:\my documents\IEEE\website\metrocon2005\web\metrocon2005\images\txu_logo.gif --> www.metrocon.org /metrocon2005/images txu_logo.gif
