107.01.03 17:27 B U:\my documents\IEEE\MetroCon2006\metrocon2006\photos\images\arrow_next.gif --> www.metrocon.org /metrocon2006/photos/images arrow_next.gif
107.01.03 17:27 B U:\my documents\IEEE\MetroCon2006\metrocon2006\photos\images\arrow_prev.gif --> www.metrocon.org /metrocon2006/photos/images arrow_prev.gif
107.01.03 17:27 B U:\my documents\IEEE\MetroCon2006\metrocon2006\photos\images\dotted_horiz.gif --> www.metrocon.org /metrocon2006/photos/images dotted_horiz.gif
107.01.03 17:27 B U:\my documents\IEEE\MetroCon2006\metrocon2006\photos\images\dotted_vert.gif --> www.metrocon.org /metrocon2006/photos/images dotted_vert.gif
107.01.03 17:27 B U:\my documents\IEEE\MetroCon2006\metrocon2006\photos\images\DSC04879.jpg --> www.metrocon.org /metrocon2006/photos/images DSC04879.jpg
107.01.03 17:27 B U:\my documents\IEEE\MetroCon2006\metrocon2006\photos\images\DSC04880.jpg --> www.metrocon.org /metrocon2006/photos/images DSC04880.jpg
107.01.03 17:27 B U:\my documents\IEEE\MetroCon2006\metrocon2006\photos\images\DSC04881.jpg --> www.metrocon.org /metrocon2006/photos/images DSC04881.jpg
107.01.03 17:27 B U:\my documents\IEEE\MetroCon2006\metrocon2006\photos\images\DSC04882.jpg --> www.metrocon.org /metrocon2006/photos/images DSC04882.jpg
107.01.03 17:27 B U:\my documents\IEEE\MetroCon2006\metrocon2006\photos\images\DSC04884.jpg --> www.metrocon.org /metrocon2006/photos/images DSC04884.jpg
107.01.03 17:27 B U:\my documents\IEEE\MetroCon2006\metrocon2006\photos\images\DSC04888 Adj.jpg --> www.metrocon.org /metrocon2006/photos/images DSC04888 Adj.jpg
107.01.03 17:27 B U:\my documents\IEEE\MetroCon2006\metrocon2006\photos\images\DSC04889.jpg --> www.metrocon.org /metrocon2006/photos/images DSC04889.jpg
107.01.03 17:27 B U:\my documents\IEEE\MetroCon2006\metrocon2006\photos\images\DSC04890.jpg --> www.metrocon.org /metrocon2006/photos/images DSC04890.jpg
107.01.03 17:27 B U:\my documents\IEEE\MetroCon2006\metrocon2006\photos\images\DSC04891.jpg --> www.metrocon.org /metrocon2006/photos/images DSC04891.jpg
107.01.03 17:27 B U:\my documents\IEEE\MetroCon2006\metrocon2006\photos\images\DSC04892.jpg --> www.metrocon.org /metrocon2006/photos/images DSC04892.jpg
107.01.03 17:27 B U:\my documents\IEEE\MetroCon2006\metrocon2006\photos\images\DSC04893.jpg --> www.metrocon.org /metrocon2006/photos/images DSC04893.jpg
107.01.03 17:27 B U:\my documents\IEEE\MetroCon2006\metrocon2006\photos\images\DSC04894.jpg --> www.metrocon.org /metrocon2006/photos/images DSC04894.jpg
107.01.03 17:27 B U:\my documents\IEEE\MetroCon2006\metrocon2006\photos\images\DSC04895.jpg --> www.metrocon.org /metrocon2006/photos/images DSC04895.jpg
107.01.03 17:27 B U:\my documents\IEEE\MetroCon2006\metrocon2006\photos\images\DSC04896.jpg --> www.metrocon.org /metrocon2006/photos/images DSC04896.jpg
107.01.03 17:27 B U:\my documents\IEEE\MetroCon2006\metrocon2006\photos\images\DSC04897.jpg --> www.metrocon.org /metrocon2006/photos/images DSC04897.jpg
107.01.03 17:27 B U:\my documents\IEEE\MetroCon2006\metrocon2006\photos\images\DSC04898.jpg --> www.metrocon.org /metrocon2006/photos/images DSC04898.jpg
107.01.03 17:27 B U:\my documents\IEEE\MetroCon2006\metrocon2006\photos\images\DSC04899.jpg --> www.metrocon.org /metrocon2006/photos/images DSC04899.jpg
107.01.03 17:27 B U:\my documents\IEEE\MetroCon2006\metrocon2006\photos\images\DSC04900.jpg --> www.metrocon.org /metrocon2006/photos/images DSC04900.jpg
107.01.03 17:27 B U:\my documents\IEEE\MetroCon2006\metrocon2006\photos\images\DSC04901.jpg --> www.metrocon.org /metrocon2006/photos/images DSC04901.jpg
107.01.03 17:27 B U:\my documents\IEEE\MetroCon2006\metrocon2006\photos\images\DSC04902.jpg --> www.metrocon.org /metrocon2006/photos/images DSC04902.jpg
107.01.03 17:28 B U:\my documents\IEEE\MetroCon2006\metrocon2006\photos\images\DSC04903.jpg --> www.metrocon.org /metrocon2006/photos/images DSC04903.jpg
107.01.03 17:28 B U:\my documents\IEEE\MetroCon2006\metrocon2006\photos\images\DSC04905 Adj.jpg --> www.metrocon.org /metrocon2006/photos/images DSC04905 Adj.jpg
107.01.03 17:28 B U:\my documents\IEEE\MetroCon2006\metrocon2006\photos\images\DSC04906 Adj.jpg --> www.metrocon.org /metrocon2006/photos/images DSC04906 Adj.jpg
107.01.03 17:28 B U:\my documents\IEEE\MetroCon2006\metrocon2006\photos\images\DSC04908.jpg --> www.metrocon.org /metrocon2006/photos/images DSC04908.jpg
107.01.03 17:28 B U:\my documents\IEEE\MetroCon2006\metrocon2006\photos\images\DSC04912.jpg --> www.metrocon.org /metrocon2006/photos/images DSC04912.jpg
107.01.03 17:28 B U:\my documents\IEEE\MetroCon2006\metrocon2006\photos\images\DSC04913.jpg --> www.metrocon.org /metrocon2006/photos/images DSC04913.jpg
107.01.03 17:28 B U:\my documents\IEEE\MetroCon2006\metrocon2006\photos\images\DSC04916.jpg --> www.metrocon.org /metrocon2006/photos/images DSC04916.jpg
107.01.03 17:28 B U:\my documents\IEEE\MetroCon2006\metrocon2006\photos\images\DSC04918.jpg --> www.metrocon.org /metrocon2006/photos/images DSC04918.jpg
107.01.03 17:28 B U:\my documents\IEEE\MetroCon2006\metrocon2006\photos\images\DSC04921.jpg --> www.metrocon.org /metrocon2006/photos/images DSC04921.jpg
107.01.03 17:28 B U:\my documents\IEEE\MetroCon2006\metrocon2006\photos\images\DSC04922.jpg --> www.metrocon.org /metrocon2006/photos/images DSC04922.jpg
107.01.03 17:28 B U:\my documents\IEEE\MetroCon2006\metrocon2006\photos\images\DSC04925.jpg --> www.metrocon.org /metrocon2006/photos/images DSC04925.jpg
107.01.03 17:28 B U:\my documents\IEEE\MetroCon2006\metrocon2006\photos\images\DSC04927.jpg --> www.metrocon.org /metrocon2006/photos/images DSC04927.jpg
107.01.03 17:28 B U:\my documents\IEEE\MetroCon2006\metrocon2006\photos\images\DSC04928.jpg --> www.metrocon.org /metrocon2006/photos/images DSC04928.jpg
107.01.03 17:28 B U:\my documents\IEEE\MetroCon2006\metrocon2006\photos\images\DSC04929.jpg --> www.metrocon.org /metrocon2006/photos/images DSC04929.jpg
107.01.03 17:28 B U:\my documents\IEEE\MetroCon2006\metrocon2006\photos\images\DSC04930.jpg --> www.metrocon.org /metrocon2006/photos/images DSC04930.jpg
107.01.03 17:28 B U:\my documents\IEEE\MetroCon2006\metrocon2006\photos\images\DSC04931.jpg --> www.metrocon.org /metrocon2006/photos/images DSC04931.jpg
107.01.03 17:28 B U:\my documents\IEEE\MetroCon2006\metrocon2006\photos\images\DSC04932.jpg --> www.metrocon.org /metrocon2006/photos/images DSC04932.jpg
107.01.03 17:28 B U:\my documents\IEEE\MetroCon2006\metrocon2006\photos\images\galleryStyle.css --> www.metrocon.org /metrocon2006/photos/images galleryStyle.css
107.01.03 17:28 B U:\my documents\IEEE\MetroCon2006\metrocon2006\photos\images\home.gif --> www.metrocon.org /metrocon2006/photos/images home.gif
107.01.03 17:28 B U:\my documents\IEEE\MetroCon2006\metrocon2006\photos\images\IMG_1378.jpg --> www.metrocon.org /metrocon2006/photos/images IMG_1378.jpg
107.01.03 17:28 B U:\my documents\IEEE\MetroCon2006\metrocon2006\photos\images\IMG_1381.jpg --> www.metrocon.org /metrocon2006/photos/images IMG_1381.jpg
107.01.03 17:28 B U:\my documents\IEEE\MetroCon2006\metrocon2006\photos\images\IMG_1383.jpg --> www.metrocon.org /metrocon2006/photos/images IMG_1383.jpg
107.01.03 17:28 B U:\my documents\IEEE\MetroCon2006\metrocon2006\photos\images\IMG_1384 Adj.jpg --> www.metrocon.org /metrocon2006/photos/images IMG_1384 Adj.jpg
107.01.03 17:28 B U:\my documents\IEEE\MetroCon2006\metrocon2006\photos\images\IMG_1384.jpg --> www.metrocon.org /metrocon2006/photos/images IMG_1384.jpg
107.01.03 17:28 B U:\my documents\IEEE\MetroCon2006\metrocon2006\photos\images\IMG_1385.jpg --> www.metrocon.org /metrocon2006/photos/images IMG_1385.jpg
107.01.03 17:28 B U:\my documents\IEEE\MetroCon2006\metrocon2006\photos\images\IMG_1386.jpg --> www.metrocon.org /metrocon2006/photos/images IMG_1386.jpg
107.01.03 17:28 B U:\my documents\IEEE\MetroCon2006\metrocon2006\photos\images\IMG_1387.jpg --> www.metrocon.org /metrocon2006/photos/images IMG_1387.jpg
107.01.03 17:28 B U:\my documents\IEEE\MetroCon2006\metrocon2006\photos\images\IMG_1388.jpg --> www.metrocon.org /metrocon2006/photos/images IMG_1388.jpg
107.01.03 17:28 B U:\my documents\IEEE\MetroCon2006\metrocon2006\photos\images\IMG_1389.jpg --> www.metrocon.org /metrocon2006/photos/images IMG_1389.jpg
107.01.03 17:28 B U:\my documents\IEEE\MetroCon2006\metrocon2006\photos\images\IMG_1391.jpg --> www.metrocon.org /metrocon2006/photos/images IMG_1391.jpg
107.01.03 17:28 B U:\my documents\IEEE\MetroCon2006\metrocon2006\photos\images\IMG_1392.jpg --> www.metrocon.org /metrocon2006/photos/images IMG_1392.jpg
107.01.03 17:28 B U:\my documents\IEEE\MetroCon2006\metrocon2006\photos\images\IMG_1393.jpg --> www.metrocon.org /metrocon2006/photos/images IMG_1393.jpg
107.01.04 10:04 B U:\my documents\IEEE\MetroCon2006\metrocon2006\photos\images\arrow_next.gif --> www.metrocon.org /metrocon2006/photos/images arrow_next.gif
107.01.04 10:04 B U:\my documents\IEEE\MetroCon2006\metrocon2006\photos\images\arrow_prev.gif --> www.metrocon.org /metrocon2006/photos/images arrow_prev.gif
107.01.04 10:04 B U:\my documents\IEEE\MetroCon2006\metrocon2006\photos\images\dotted_horiz.gif --> www.metrocon.org /metrocon2006/photos/images dotted_horiz.gif
107.01.04 10:04 B U:\my documents\IEEE\MetroCon2006\metrocon2006\photos\images\dotted_vert.gif --> www.metrocon.org /metrocon2006/photos/images dotted_vert.gif
107.01.04 10:04 B U:\my documents\IEEE\MetroCon2006\metrocon2006\photos\images\DSC04879.jpg --> www.metrocon.org /metrocon2006/photos/images DSC04879.jpg
107.01.04 10:04 B U:\my documents\IEEE\MetroCon2006\metrocon2006\photos\images\DSC04880.jpg --> www.metrocon.org /metrocon2006/photos/images DSC04880.jpg
107.01.04 10:04 B U:\my documents\IEEE\MetroCon2006\metrocon2006\photos\images\DSC04881.jpg --> www.metrocon.org /metrocon2006/photos/images DSC04881.jpg
107.01.04 10:04 B U:\my documents\IEEE\MetroCon2006\metrocon2006\photos\images\DSC04882.jpg --> www.metrocon.org /metrocon2006/photos/images DSC04882.jpg
107.01.04 10:04 B U:\my documents\IEEE\MetroCon2006\metrocon2006\photos\images\DSC04884.jpg --> www.metrocon.org /metrocon2006/photos/images DSC04884.jpg
107.01.04 10:04 B U:\my documents\IEEE\MetroCon2006\metrocon2006\photos\images\DSC04888 Adj.jpg --> www.metrocon.org /metrocon2006/photos/images DSC04888 Adj.jpg
107.01.04 10:04 B U:\my documents\IEEE\MetroCon2006\metrocon2006\photos\images\DSC04889.jpg --> www.metrocon.org /metrocon2006/photos/images DSC04889.jpg
107.01.04 10:04 B U:\my documents\IEEE\MetroCon2006\metrocon2006\photos\images\DSC04890.jpg --> www.metrocon.org /metrocon2006/photos/images DSC04890.jpg
107.01.04 10:04 B U:\my documents\IEEE\MetroCon2006\metrocon2006\photos\images\DSC04891.jpg --> www.metrocon.org /metrocon2006/photos/images DSC04891.jpg
107.01.04 10:04 B U:\my documents\IEEE\MetroCon2006\metrocon2006\photos\images\DSC04892.jpg --> www.metrocon.org /metrocon2006/photos/images DSC04892.jpg
107.01.04 10:04 B U:\my documents\IEEE\MetroCon2006\metrocon2006\photos\images\DSC04893.jpg --> www.metrocon.org /metrocon2006/photos/images DSC04893.jpg
107.01.04 10:04 B U:\my documents\IEEE\MetroCon2006\metrocon2006\photos\images\DSC04894.jpg --> www.metrocon.org /metrocon2006/photos/images DSC04894.jpg
107.01.04 10:04 B U:\my documents\IEEE\MetroCon2006\metrocon2006\photos\images\DSC04895.jpg --> www.metrocon.org /metrocon2006/photos/images DSC04895.jpg
107.01.04 10:04 B U:\my documents\IEEE\MetroCon2006\metrocon2006\photos\images\DSC04896.jpg --> www.metrocon.org /metrocon2006/photos/images DSC04896.jpg
107.01.04 10:04 B U:\my documents\IEEE\MetroCon2006\metrocon2006\photos\images\DSC04897.jpg --> www.metrocon.org /metrocon2006/photos/images DSC04897.jpg
107.01.04 10:04 B U:\my documents\IEEE\MetroCon2006\metrocon2006\photos\images\DSC04898.jpg --> www.metrocon.org /metrocon2006/photos/images DSC04898.jpg
107.01.04 10:04 B U:\my documents\IEEE\MetroCon2006\metrocon2006\photos\images\DSC04899.jpg --> www.metrocon.org /metrocon2006/photos/images DSC04899.jpg
107.01.04 10:04 B U:\my documents\IEEE\MetroCon2006\metrocon2006\photos\images\DSC04900.jpg --> www.metrocon.org /metrocon2006/photos/images DSC04900.jpg
107.01.04 10:04 B U:\my documents\IEEE\MetroCon2006\metrocon2006\photos\images\DSC04901.jpg --> www.metrocon.org /metrocon2006/photos/images DSC04901.jpg
107.01.04 10:04 B U:\my documents\IEEE\MetroCon2006\metrocon2006\photos\images\DSC04902.jpg --> www.metrocon.org /metrocon2006/photos/images DSC04902.jpg
107.01.04 10:04 B U:\my documents\IEEE\MetroCon2006\metrocon2006\photos\images\DSC04903.jpg --> www.metrocon.org /metrocon2006/photos/images DSC04903.jpg
107.01.04 10:04 B U:\my documents\IEEE\MetroCon2006\metrocon2006\photos\images\DSC04905 Adj.jpg --> www.metrocon.org /metrocon2006/photos/images DSC04905 Adj.jpg
107.01.04 10:04 B U:\my documents\IEEE\MetroCon2006\metrocon2006\photos\images\DSC04906 Adj.jpg --> www.metrocon.org /metrocon2006/photos/images DSC04906 Adj.jpg
107.01.04 10:04 B U:\my documents\IEEE\MetroCon2006\metrocon2006\photos\images\DSC04908.jpg --> www.metrocon.org /metrocon2006/photos/images DSC04908.jpg
107.01.04 10:04 B U:\my documents\IEEE\MetroCon2006\metrocon2006\photos\images\DSC04912.jpg --> www.metrocon.org /metrocon2006/photos/images DSC04912.jpg
107.01.04 10:04 B U:\my documents\IEEE\MetroCon2006\metrocon2006\photos\images\DSC04913.jpg --> www.metrocon.org /metrocon2006/photos/images DSC04913.jpg
107.01.04 10:04 B U:\my documents\IEEE\MetroCon2006\metrocon2006\photos\images\DSC04916.jpg --> www.metrocon.org /metrocon2006/photos/images DSC04916.jpg
107.01.04 10:04 B U:\my documents\IEEE\MetroCon2006\metrocon2006\photos\images\DSC04918.jpg --> www.metrocon.org /metrocon2006/photos/images DSC04918.jpg
107.01.04 10:04 B U:\my documents\IEEE\MetroCon2006\metrocon2006\photos\images\DSC04921.jpg --> www.metrocon.org /metrocon2006/photos/images DSC04921.jpg
107.01.04 10:04 B U:\my documents\IEEE\MetroCon2006\metrocon2006\photos\images\DSC04922.jpg --> www.metrocon.org /metrocon2006/photos/images DSC04922.jpg
107.01.04 10:04 B U:\my documents\IEEE\MetroCon2006\metrocon2006\photos\images\DSC04925.jpg --> www.metrocon.org /metrocon2006/photos/images DSC04925.jpg
107.01.04 10:04 B U:\my documents\IEEE\MetroCon2006\metrocon2006\photos\images\DSC04927.jpg --> www.metrocon.org /metrocon2006/photos/images DSC04927.jpg
107.01.04 10:04 B U:\my documents\IEEE\MetroCon2006\metrocon2006\photos\images\DSC04928.jpg --> www.metrocon.org /metrocon2006/photos/images DSC04928.jpg
107.01.04 10:04 B U:\my documents\IEEE\MetroCon2006\metrocon2006\photos\images\DSC04929.jpg --> www.metrocon.org /metrocon2006/photos/images DSC04929.jpg
107.01.04 10:05 B U:\my documents\IEEE\MetroCon2006\metrocon2006\photos\images\DSC04930.jpg --> www.metrocon.org /metrocon2006/photos/images DSC04930.jpg
107.01.04 10:05 B U:\my documents\IEEE\MetroCon2006\metrocon2006\photos\images\DSC04931.jpg --> www.metrocon.org /metrocon2006/photos/images DSC04931.jpg
107.01.04 10:05 B U:\my documents\IEEE\MetroCon2006\metrocon2006\photos\images\DSC04932.jpg --> www.metrocon.org /metrocon2006/photos/images DSC04932.jpg
107.01.04 10:05 B U:\my documents\IEEE\MetroCon2006\metrocon2006\photos\images\galleryStyle.css --> www.metrocon.org /metrocon2006/photos/images galleryStyle.css
107.01.04 10:05 B U:\my documents\IEEE\MetroCon2006\metrocon2006\photos\images\home.gif --> www.metrocon.org /metrocon2006/photos/images home.gif
107.01.04 10:05 B U:\my documents\IEEE\MetroCon2006\metrocon2006\photos\images\IMG_1378.jpg --> www.metrocon.org /metrocon2006/photos/images IMG_1378.jpg
107.01.04 10:05 B U:\my documents\IEEE\MetroCon2006\metrocon2006\photos\images\IMG_1381.jpg --> www.metrocon.org /metrocon2006/photos/images IMG_1381.jpg
107.01.04 10:05 B U:\my documents\IEEE\MetroCon2006\metrocon2006\photos\images\IMG_1383.jpg --> www.metrocon.org /metrocon2006/photos/images IMG_1383.jpg
107.01.04 10:05 B U:\my documents\IEEE\MetroCon2006\metrocon2006\photos\images\IMG_1384 Adj.jpg --> www.metrocon.org /metrocon2006/photos/images IMG_1384 Adj.jpg
107.01.04 10:05 B U:\my documents\IEEE\MetroCon2006\metrocon2006\photos\images\IMG_1384.jpg --> www.metrocon.org /metrocon2006/photos/images IMG_1384.jpg
107.01.04 10:05 B U:\my documents\IEEE\MetroCon2006\metrocon2006\photos\images\IMG_1385.jpg --> www.metrocon.org /metrocon2006/photos/images IMG_1385.jpg
107.01.04 10:05 B U:\my documents\IEEE\MetroCon2006\metrocon2006\photos\images\IMG_1386.jpg --> www.metrocon.org /metrocon2006/photos/images IMG_1386.jpg
107.01.04 10:05 B U:\my documents\IEEE\MetroCon2006\metrocon2006\photos\images\IMG_1387.jpg --> www.metrocon.org /metrocon2006/photos/images IMG_1387.jpg
107.01.04 10:05 B U:\my documents\IEEE\MetroCon2006\metrocon2006\photos\images\IMG_1388.jpg --> www.metrocon.org /metrocon2006/photos/images IMG_1388.jpg
107.01.04 10:05 B U:\my documents\IEEE\MetroCon2006\metrocon2006\photos\images\IMG_1389.jpg --> www.metrocon.org /metrocon2006/photos/images IMG_1389.jpg
107.01.04 10:05 B U:\my documents\IEEE\MetroCon2006\metrocon2006\photos\images\IMG_1391.jpg --> www.metrocon.org /metrocon2006/photos/images IMG_1391.jpg
107.01.04 10:05 B U:\my documents\IEEE\MetroCon2006\metrocon2006\photos\images\IMG_1392.jpg --> www.metrocon.org /metrocon2006/photos/images IMG_1392.jpg
107.01.04 10:05 B U:\my documents\IEEE\MetroCon2006\metrocon2006\photos\images\IMG_1393.jpg --> www.metrocon.org /metrocon2006/photos/images IMG_1393.jpg
107.01.04 10:05 B U:\my documents\IEEE\MetroCon2006\metrocon2006\photos\images\IMG_1394.jpg --> www.metrocon.org /metrocon2006/photos/images IMG_1394.jpg
107.01.04 10:05 B U:\my documents\IEEE\MetroCon2006\metrocon2006\photos\images\IMG_1395.jpg --> www.metrocon.org /metrocon2006/photos/images IMG_1395.jpg
107.01.04 10:05 B U:\my documents\IEEE\MetroCon2006\metrocon2006\photos\images\IMG_1396.jpg --> www.metrocon.org /metrocon2006/photos/images IMG_1396.jpg
107.01.04 10:05 B U:\my documents\IEEE\MetroCon2006\metrocon2006\photos\images\IMG_1397.jpg --> www.metrocon.org /metrocon2006/photos/images IMG_1397.jpg
107.01.04 10:05 B U:\my documents\IEEE\MetroCon2006\metrocon2006\photos\images\IMG_1398.jpg --> www.metrocon.org /metrocon2006/photos/images IMG_1398.jpg
107.01.04 10:05 B U:\my documents\IEEE\MetroCon2006\metrocon2006\photos\images\IMG_1399.jpg --> www.metrocon.org /metrocon2006/photos/images IMG_1399.jpg
107.01.04 10:05 B U:\my documents\IEEE\MetroCon2006\metrocon2006\photos\images\IMG_1400.jpg --> www.metrocon.org /metrocon2006/photos/images IMG_1400.jpg
107.01.04 10:06 B U:\my documents\IEEE\MetroCon2006\metrocon2006\photos\images\IMG_1401.jpg --> www.metrocon.org /metrocon2006/photos/images IMG_1401.jpg
107.01.04 10:06 B U:\my documents\IEEE\MetroCon2006\metrocon2006\photos\images\IMG_1402 Adj.jpg --> www.metrocon.org /metrocon2006/photos/images IMG_1402 Adj.jpg
107.01.04 10:06 B U:\my documents\IEEE\MetroCon2006\metrocon2006\photos\images\IMG_1402.jpg --> www.metrocon.org /metrocon2006/photos/images IMG_1402.jpg
107.01.04 10:06 B U:\my documents\IEEE\MetroCon2006\metrocon2006\photos\images\IMG_1403.jpg --> www.metrocon.org /metrocon2006/photos/images IMG_1403.jpg
107.01.04 10:06 B U:\my documents\IEEE\MetroCon2006\metrocon2006\photos\images\IMG_1404 Adj.jpg --> www.metrocon.org /metrocon2006/photos/images IMG_1404 Adj.jpg
107.01.04 10:06 B U:\my documents\IEEE\MetroCon2006\metrocon2006\photos\images\IMG_1404.jpg --> www.metrocon.org /metrocon2006/photos/images IMG_1404.jpg
107.01.04 10:06 B U:\my documents\IEEE\MetroCon2006\metrocon2006\photos\images\IMG_1405 Adj.jpg --> www.metrocon.org /metrocon2006/photos/images IMG_1405 Adj.jpg
107.01.04 10:06 B U:\my documents\IEEE\MetroCon2006\metrocon2006\photos\images\IMG_1405.jpg --> www.metrocon.org /metrocon2006/photos/images IMG_1405.jpg
107.01.04 10:06 B U:\my documents\IEEE\MetroCon2006\metrocon2006\photos\images\IMG_1406.jpg --> www.metrocon.org /metrocon2006/photos/images IMG_1406.jpg
107.01.04 10:06 B U:\my documents\IEEE\MetroCon2006\metrocon2006\photos\images\IMG_1407.jpg --> www.metrocon.org /metrocon2006/photos/images IMG_1407.jpg
107.01.04 10:06 B U:\my documents\IEEE\MetroCon2006\metrocon2006\photos\images\IMG_1408 Adj.jpg --> www.metrocon.org /metrocon2006/photos/images IMG_1408 Adj.jpg
107.01.04 10:06 B U:\my documents\IEEE\MetroCon2006\metrocon2006\photos\images\IMG_1408.jpg --> www.metrocon.org /metrocon2006/photos/images IMG_1408.jpg
107.01.04 10:06 B U:\my documents\IEEE\MetroCon2006\metrocon2006\photos\images\IMG_1409 Adj.jpg --> www.metrocon.org /metrocon2006/photos/images IMG_1409 Adj.jpg
107.01.04 10:06 B U:\my documents\IEEE\MetroCon2006\metrocon2006\photos\images\IMG_1409.jpg --> www.metrocon.org /metrocon2006/photos/images IMG_1409.jpg
107.01.04 10:06 B U:\my documents\IEEE\MetroCon2006\metrocon2006\photos\images\IMG_1410.jpg --> www.metrocon.org /metrocon2006/photos/images IMG_1410.jpg
107.01.04 10:06 B U:\my documents\IEEE\MetroCon2006\metrocon2006\photos\images\IMG_1411.jpg --> www.metrocon.org /metrocon2006/photos/images IMG_1411.jpg
107.01.04 10:06 B U:\my documents\IEEE\MetroCon2006\metrocon2006\photos\images\IMG_1412.jpg --> www.metrocon.org /metrocon2006/photos/images IMG_1412.jpg
107.01.04 10:06 B U:\my documents\IEEE\MetroCon2006\metrocon2006\photos\images\IMG_1413 Adj.jpg --> www.metrocon.org /metrocon2006/photos/images IMG_1413 Adj.jpg
107.01.04 10:06 B U:\my documents\IEEE\MetroCon2006\metrocon2006\photos\images\IMG_1413.jpg --> www.metrocon.org /metrocon2006/photos/images IMG_1413.jpg
107.01.04 10:06 B U:\my documents\IEEE\MetroCon2006\metrocon2006\photos\images\IMG_1414 Adj.jpg --> www.metrocon.org /metrocon2006/photos/images IMG_1414 Adj.jpg
107.01.04 10:06 B U:\my documents\IEEE\MetroCon2006\metrocon2006\photos\images\IMG_1414.jpg --> www.metrocon.org /metrocon2006/photos/images IMG_1414.jpg
107.01.04 10:06 B U:\my documents\IEEE\MetroCon2006\metrocon2006\photos\images\IMG_1415.jpg --> www.metrocon.org /metrocon2006/photos/images IMG_1415.jpg
107.01.04 10:06 B U:\my documents\IEEE\MetroCon2006\metrocon2006\photos\images\IMG_1416.jpg --> www.metrocon.org /metrocon2006/photos/images IMG_1416.jpg
107.01.04 10:06 B U:\my documents\IEEE\MetroCon2006\metrocon2006\photos\images\IMG_1417.jpg --> www.metrocon.org /metrocon2006/photos/images IMG_1417.jpg
107.01.04 10:06 B U:\my documents\IEEE\MetroCon2006\metrocon2006\photos\images\IMG_1418.jpg --> www.metrocon.org /metrocon2006/photos/images IMG_1418.jpg
107.01.04 10:06 B U:\my documents\IEEE\MetroCon2006\metrocon2006\photos\images\IMG_1419.jpg --> www.metrocon.org /metrocon2006/photos/images IMG_1419.jpg
107.01.04 10:06 B U:\my documents\IEEE\MetroCon2006\metrocon2006\photos\images\IMG_1420.jpg --> www.metrocon.org /metrocon2006/photos/images IMG_1420.jpg
107.01.04 10:06 B U:\my documents\IEEE\MetroCon2006\metrocon2006\photos\images\IMG_1421.jpg --> www.metrocon.org /metrocon2006/photos/images IMG_1421.jpg
107.01.04 10:06 B U:\my documents\IEEE\MetroCon2006\metrocon2006\photos\images\IMG_1422.jpg --> www.metrocon.org /metrocon2006/photos/images IMG_1422.jpg
107.01.04 10:06 B U:\my documents\IEEE\MetroCon2006\metrocon2006\photos\images\IMG_1423.jpg --> www.metrocon.org /metrocon2006/photos/images IMG_1423.jpg
107.01.04 10:06 B U:\my documents\IEEE\MetroCon2006\metrocon2006\photos\images\IMG_1424.jpg --> www.metrocon.org /metrocon2006/photos/images IMG_1424.jpg
107.01.04 10:06 B U:\my documents\IEEE\MetroCon2006\metrocon2006\photos\images\IMG_1425.jpg --> www.metrocon.org /metrocon2006/photos/images IMG_1425.jpg
107.01.04 10:06 B U:\my documents\IEEE\MetroCon2006\metrocon2006\photos\images\IMG_1426.jpg --> www.metrocon.org /metrocon2006/photos/images IMG_1426.jpg
107.01.04 10:06 B U:\my documents\IEEE\MetroCon2006\metrocon2006\photos\images\IMG_1427.jpg --> www.metrocon.org /metrocon2006/photos/images IMG_1427.jpg
107.01.04 10:06 B U:\my documents\IEEE\MetroCon2006\metrocon2006\photos\images\IMG_1428.jpg --> www.metrocon.org /metrocon2006/photos/images IMG_1428.jpg
107.01.04 10:06 B U:\my documents\IEEE\MetroCon2006\metrocon2006\photos\images\IMG_1429.jpg --> www.metrocon.org /metrocon2006/photos/images IMG_1429.jpg
107.01.04 10:06 B U:\my documents\IEEE\MetroCon2006\metrocon2006\photos\images\IMG_1430 Adj.jpg --> www.metrocon.org /metrocon2006/photos/images IMG_1430 Adj.jpg
107.01.04 10:06 B U:\my documents\IEEE\MetroCon2006\metrocon2006\photos\images\IMG_1430.jpg --> www.metrocon.org /metrocon2006/photos/images IMG_1430.jpg
107.01.04 10:06 B U:\my documents\IEEE\MetroCon2006\metrocon2006\photos\images\IMG_1431.jpg --> www.metrocon.org /metrocon2006/photos/images IMG_1431.jpg
107.01.04 10:06 B U:\my documents\IEEE\MetroCon2006\metrocon2006\photos\images\next.gif --> www.metrocon.org /metrocon2006/photos/images next.gif
107.01.04 10:06 B U:\my documents\IEEE\MetroCon2006\metrocon2006\photos\images\previous.gif --> www.metrocon.org /metrocon2006/photos/images previous.gif
107.01.04 10:06 B U:\my documents\IEEE\MetroCon2006\metrocon2006\photos\images\spacer.gif --> www.metrocon.org /metrocon2006/photos/images spacer.gif
